<?xml version="1.0" encoding="UTF-8"?>
<testng-results skipped="0" failed="0" ignored="0" total="1" passed="1">
  <reporter-output>
  </reporter-output>
  <suite name="Default suite" duration-ms="22429" started-at="2020-09-12T23:39:58 IST" finished-at="2020-09-12T23:40:21 IST">
    <groups>
    </groups>
    <test name="Default test" duration-ms="22429" started-at="2020-09-12T23:39:58 IST" finished-at="2020-09-12T23:40:21 IST">
      <class name="test.LoginPage">
        <test-method status="PASS" signature="testFireFox()[pri:0, instance:test.LoginPage@5a8806ef]" name="testFireFox" duration-ms="22335" started-at="2020-09-12T23:39:58 IST" finished-at="2020-09-12T23:40:21 IST">
          <reporter-output>
          </reporter-output>
        </test-method> <!-- testFireFox -->
      </class> <!-- test.LoginPage -->
    </test> <!-- Default test -->
  </suite> <!-- Default suite -->
</testng-results>
